2024-01-10 16:55:30,479 [74] ERROR FileLogger - Weixin推送出错
System.TimeoutException: 请求通道在等待 00:01:00 以后答复时超时。增加传递给请求调用的超时值，或者增加绑定上的 SendTimeout 值。分配给此操作的时间可能已经是更长超时的一部分。 ---> System.TimeoutException: 对“http://192.168.1.123:9001/WeiXin/SOA/SendWXMsg.asmx”的 HTTP 请求已超过为 00:01:00 分配的超时。为此操作分配的时间可能是较长超时的一部分。 ---> System.Net.WebException: 操作超时
   在 System.Net.HttpWebRequest.GetResponse()
   在 System.ServiceModel.Channels.HttpChannelFactory`1.HttpRequestChannel.HttpChannelRequest.WaitForReply(TimeSpan timeout)
   --- 内部异常堆栈跟踪的结尾 ---
   在 System.ServiceModel.Channels.HttpChannelUtilities.ProcessGetResponseWebException(WebException webException, HttpWebRequest request, HttpAbortReason abortReason)
   在 System.ServiceModel.Channels.HttpChannelFactory`1.HttpRequestChannel.HttpChannelRequest.WaitForReply(TimeSpan timeout)
   在 System.ServiceModel.Channels.RequestChannel.Request(Message message, TimeSpan timeout)
   --- 内部异常堆栈跟踪的结尾 ---

Server stack trace: 
   在 System.ServiceModel.Channels.RequestChannel.Request(Message message, TimeSpan timeout)
   在 System.ServiceModel.Dispatcher.RequestChannelBinder.Request(Message message, TimeSpan timeout)
   在 System.ServiceModel.Channels.ServiceChannel.Call(String action, Boolean oneway, ProxyOperationRuntime operation, Object[] ins, Object[] outs, TimeSpan timeout)
   在 System.ServiceModel.Channels.ServiceChannelProxy.InvokeService(IMethodCallMessage methodCall, ProxyOperationRuntime operation)
   在 System.ServiceModel.Channels.ServiceChannelProxy.Invoke(IMessage message)

Exception rethrown at [0]: 
   在 System.Runtime.Remoting.Proxies.RealProxy.HandleReturnMessage(IMessage reqMsg, IMessage retMsg)
   在 System.Runtime.Remoting.Proxies.RealProxy.PrivateInvoke(MessageData& msgData, Int32 type)
   在 Zhongsoft.EDPortal.Plugins.SendWXMsg.SendWXMsgSoap.SendTextCardMsg(SendTextCardMsgRequest request)
   在 Zhongsoft.EDPortal.Plugins.SendWXMsg.SendWXMsgSoapClient.Zhongsoft.EDPortal.Plugins.SendWXMsg.SendWXMsgSoap.SendTextCardMsg(SendTextCardMsgRequest request)
   在 Zhongsoft.EDPortal.Plugins.SendWXMsg.SendWXMsgSoapClient.SendTextCardMsg(String loginId, String msgContent, String ProcessinstanceName)
   在 Zhongsoft.EDPortal.Plugins.MessagePlugin.WeixinAlert(Message message)
