2022-07-25 15:34:49,504 [16] ERROR FileLogger - Weixin推送出错
System.ServiceModel.EndpointNotFoundException: 没有终结点在侦听可以接受消息的 http://192.168.1.123:9001/WeiXin/SOA/SendWXMsg.asmx。这通常是由于不正确的地址或者 SOAP 操作导致的。如果存在此情况，请参见 InnerException 以了解详细信息。 ---> System.Net.WebException: 无法连接到远程服务器 ---> System.Net.Sockets.SocketException: 由于目标计算机积极拒绝，无法连接。 192.168.1.123:9001
   在 System.Net.Sockets.Socket.DoConnect(EndPoint endPointSnapshot, SocketAddress socketAddress)
   在 System.Net.ServicePoint.ConnectSocketInternal(Boolean connectFailure, Socket s4, Socket s6, Socket& socket, IPAddress& address, ConnectSocketState state, IAsyncResult asyncResult, Exception& exception)
   --- 内部异常堆栈跟踪的结尾 ---
   在 System.Net.HttpWebRequest.GetRequestStream(TransportContext& context)
   在 System.Net.HttpWebRequest.GetRequestStream()
   在 System.ServiceModel.Channels.HttpOutput.WebRequestHttpOutput.GetOutputStream()
   --- 内部异常堆栈跟踪的结尾 ---

Server stack trace: 
   在 System.ServiceModel.Channels.HttpOutput.WebRequestHttpOutput.GetOutputStream()
   在 System.ServiceModel.Channels.HttpOutput.Send(TimeSpan timeout)
   在 System.ServiceModel.Channels.HttpChannelFactory`1.HttpRequestChannel.HttpChannelRequest.SendRequest(Message message, TimeSpan timeout)
   在 System.ServiceModel.Channels.RequestChannel.Request(Message message, TimeSpan timeout)
   在 System.ServiceModel.Dispatcher.RequestChannelBinder.Request(Message message, TimeSpan timeout)
   在 System.ServiceModel.Channels.ServiceChannel.Call(String action, Boolean oneway, ProxyOperationRuntime operation, Object[] ins, Object[] outs, TimeSpan timeout)
   在 System.ServiceModel.Channels.ServiceChannelProxy.InvokeService(IMethodCallMessage methodCall, ProxyOperationRuntime operation)
   在 System.ServiceModel.Channels.ServiceChannelProxy.Invoke(IMessage message)

Exception rethrown at [0]: 
   在 System.Runtime.Remoting.Proxies.RealProxy.HandleReturnMessage(IMessage reqMsg, IMessage retMsg)
   在 System.Runtime.Remoting.Proxies.RealProxy.PrivateInvoke(MessageData& msgData, Int32 type)
   在 Zhongsoft.EDPortal.Plugins.SendWXMsg.SendWXMsgSoap.SendTextCardMsg(SendTextCardMsgRequest request)
   在 Zhongsoft.EDPortal.Plugins.SendWXMsg.SendWXMsgSoapClient.Zhongsoft.EDPortal.Plugins.SendWXMsg.SendWXMsgSoap.SendTextCardMsg(SendTextCardMsgRequest request)
   在 Zhongsoft.EDPortal.Plugins.SendWXMsg.SendWXMsgSoapClient.SendTextCardMsg(String loginId, String msgContent, String ProcessinstanceName)
   在 Zhongsoft.EDPortal.Plugins.MessagePlugin.WeixinAlert(Message message)
2022-07-25 15:34:50,787 [115] ERROR FileLogger - Weixin推送出错
System.ServiceModel.EndpointNotFoundException: 没有终结点在侦听可以接受消息的 http://192.168.1.123:9001/WeiXin/SOA/SendWXMsg.asmx。这通常是由于不正确的地址或者 SOAP 操作导致的。如果存在此情况，请参见 InnerException 以了解详细信息。 ---> System.Net.WebException: 无法连接到远程服务器 ---> System.Net.Sockets.SocketException: 由于连接方在一段时间后没有正确答复或连接的主机没有反应，连接尝试失败。 192.168.1.123:9001
   在 System.Net.Sockets.Socket.DoConnect(EndPoint endPointSnapshot, SocketAddress socketAddress)
   在 System.Net.ServicePoint.ConnectSocketInternal(Boolean connectFailure, Socket s4, Socket s6, Socket& socket, IPAddress& address, ConnectSocketState state, IAsyncResult asyncResult, Exception& exception)
   --- 内部异常堆栈跟踪的结尾 ---
   在 System.Net.HttpWebRequest.GetRequestStream(TransportContext& context)
   在 System.Net.HttpWebRequest.GetRequestStream()
   在 System.ServiceModel.Channels.HttpOutput.WebRequestHttpOutput.GetOutputStream()
   --- 内部异常堆栈跟踪的结尾 ---

Server stack trace: 
   在 System.ServiceModel.Channels.HttpOutput.WebRequestHttpOutput.GetOutputStream()
   在 System.ServiceModel.Channels.HttpOutput.Send(TimeSpan timeout)
   在 System.ServiceModel.Channels.HttpChannelFactory`1.HttpRequestChannel.HttpChannelRequest.SendRequest(Message message, TimeSpan timeout)
   在 System.ServiceModel.Channels.RequestChannel.Request(Message message, TimeSpan timeout)
   在 System.ServiceModel.Dispatcher.RequestChannelBinder.Request(Message message, TimeSpan timeout)
   在 System.ServiceModel.Channels.ServiceChannel.Call(String action, Boolean oneway, ProxyOperationRuntime operation, Object[] ins, Object[] outs, TimeSpan timeout)
   在 System.ServiceModel.Channels.ServiceChannelProxy.InvokeService(IMethodCallMessage methodCall, ProxyOperationRuntime operation)
   在 System.ServiceModel.Channels.ServiceChannelProxy.Invoke(IMessage message)

Exception rethrown at [0]: 
   在 System.Runtime.Remoting.Proxies.RealProxy.HandleReturnMessage(IMessage reqMsg, IMessage retMsg)
   在 System.Runtime.Remoting.Proxies.RealProxy.PrivateInvoke(MessageData& msgData, Int32 type)
   在 Zhongsoft.EDPortal.Plugins.SendWXMsg.SendWXMsgSoap.SendTextCardMsg(SendTextCardMsgRequest request)
   在 Zhongsoft.EDPortal.Plugins.SendWXMsg.SendWXMsgSoapClient.Zhongsoft.EDPortal.Plugins.SendWXMsg.SendWXMsgSoap.SendTextCardMsg(SendTextCardMsgRequest request)
   在 Zhongsoft.EDPortal.Plugins.SendWXMsg.SendWXMsgSoapClient.SendTextCardMsg(String loginId, String msgContent, String ProcessinstanceName)
   在 Zhongsoft.EDPortal.Plugins.MessagePlugin.WeixinAlert(Message message)
2022-07-25 15:35:04,587 [75] ERROR FileLogger - Weixin推送出错
System.ServiceModel.EndpointNotFoundException: 没有终结点在侦听可以接受消息的 http://192.168.1.123:9001/WeiXin/SOA/SendWXMsg.asmx。这通常是由于不正确的地址或者 SOAP 操作导致的。如果存在此情况，请参见 InnerException 以了解详细信息。 ---> System.Net.WebException: 无法连接到远程服务器 ---> System.Net.Sockets.SocketException: 由于连接方在一段时间后没有正确答复或连接的主机没有反应，连接尝试失败。 192.168.1.123:9001
   在 System.Net.Sockets.Socket.DoConnect(EndPoint endPointSnapshot, SocketAddress socketAddress)
   在 System.Net.ServicePoint.ConnectSocketInternal(Boolean connectFailure, Socket s4, Socket s6, Socket& socket, IPAddress& address, ConnectSocketState state, IAsyncResult asyncResult, Exception& exception)
   --- 内部异常堆栈跟踪的结尾 ---
   在 System.Net.HttpWebRequest.GetRequestStream(TransportContext& context)
   在 System.Net.HttpWebRequest.GetRequestStream()
   在 System.ServiceModel.Channels.HttpOutput.WebRequestHttpOutput.GetOutputStream()
   --- 内部异常堆栈跟踪的结尾 ---

Server stack trace: 
   在 System.ServiceModel.Channels.HttpOutput.WebRequestHttpOutput.GetOutputStream()
   在 System.ServiceModel.Channels.HttpOutput.Send(TimeSpan timeout)
   在 System.ServiceModel.Channels.HttpChannelFactory`1.HttpRequestChannel.HttpChannelRequest.SendRequest(Message message, TimeSpan timeout)
   在 System.ServiceModel.Channels.RequestChannel.Request(Message message, TimeSpan timeout)
   在 System.ServiceModel.Dispatcher.RequestChannelBinder.Request(Message message, TimeSpan timeout)
   在 System.ServiceModel.Channels.ServiceChannel.Call(String action, Boolean oneway, ProxyOperationRuntime operation, Object[] ins, Object[] outs, TimeSpan timeout)
   在 System.ServiceModel.Channels.ServiceChannelProxy.InvokeService(IMethodCallMessage methodCall, ProxyOperationRuntime operation)
   在 System.ServiceModel.Channels.ServiceChannelProxy.Invoke(IMessage message)

Exception rethrown at [0]: 
   在 System.Runtime.Remoting.Proxies.RealProxy.HandleReturnMessage(IMessage reqMsg, IMessage retMsg)
   在 System.Runtime.Remoting.Proxies.RealProxy.PrivateInvoke(MessageData& msgData, Int32 type)
   在 Zhongsoft.EDPortal.Plugins.SendWXMsg.SendWXMsgSoap.SendTextCardMsg(SendTextCardMsgRequest request)
   在 Zhongsoft.EDPortal.Plugins.SendWXMsg.SendWXMsgSoapClient.Zhongsoft.EDPortal.Plugins.SendWXMsg.SendWXMsgSoap.SendTextCardMsg(SendTextCardMsgRequest request)
   在 Zhongsoft.EDPortal.Plugins.SendWXMsg.SendWXMsgSoapClient.SendTextCardMsg(String loginId, String msgContent, String ProcessinstanceName)
   在 Zhongsoft.EDPortal.Plugins.MessagePlugin.WeixinAlert(Message message)
