2022-07-08 11:42:51,869 [28] ERROR FileLogger - RTX消息提醒
System.Runtime.InteropServices.COMException (0xFFFFBA9E): 应用SDK:连接SDK服务器错误
   在 RTXSAPILib.IRTXSAPIRootObj.SendNotify(String bstrReceiver, String bstrTitle, Int32 lDelayTime, String bstrMsg)
   在 Zhongsoft.EDPortal.Plugins.MessagePlugin.RTXActivityAlert(Message message)
2022-07-08 11:43:46,664 [22] ERROR FileLogger - RTX消息提醒
System.Runtime.InteropServices.COMException (0xFFFFBA9E): 应用SDK:连接SDK服务器错误
   在 RTXSAPILib.IRTXSAPIRootObj.SendNotify(String bstrReceiver, String bstrTitle, Int32 lDelayTime, String bstrMsg)
   在 Zhongsoft.EDPortal.Plugins.MessagePlugin.RTXActivityAlert(Message message)
2022-07-08 11:44:05,472 [66] ERROR FileLogger - RTX消息提醒
System.Runtime.InteropServices.COMException (0xFFFFBA9E): 应用SDK:连接SDK服务器错误
   在 RTXSAPILib.IRTXSAPIRootObj.SendNotify(String bstrReceiver, String bstrTitle, Int32 lDelayTime, String bstrMsg)
   在 Zhongsoft.EDPortal.Plugins.MessagePlugin.RTXActivityAlert(Message message)
2022-07-08 11:44:53,444 [21] ERROR FileLogger - RTX消息提醒
System.Runtime.InteropServices.COMException (0xFFFFBA9E): 应用SDK:连接SDK服务器错误
   在 RTXSAPILib.IRTXSAPIRootObj.SendNotify(String bstrReceiver, String bstrTitle, Int32 lDelayTime, String bstrMsg)
   在 Zhongsoft.EDPortal.Plugins.MessagePlugin.RTXActivityAlert(Message message)
2022-07-08 11:45:02,108 [61] ERROR FileLogger - RTX消息提醒
System.Runtime.InteropServices.COMException (0xFFFFBA9E): 应用SDK:连接SDK服务器错误
   在 RTXSAPILib.IRTXSAPIRootObj.SendNotify(String bstrReceiver, String bstrTitle, Int32 lDelayTime, String bstrMsg)
   在 Zhongsoft.EDPortal.Plugins.MessagePlugin.RTXActivityAlert(Message message)
2022-07-08 11:52:55,767 [10] ERROR FileLogger - RTX消息提醒
System.Runtime.InteropServices.COMException (0xFFFFBA9E): 应用SDK:连接SDK服务器错误
   在 RTXSAPILib.IRTXSAPIRootObj.SendNotify(String bstrReceiver, String bstrTitle, Int32 lDelayTime, String bstrMsg)
   在 Zhongsoft.EDPortal.Plugins.MessagePlugin.RTXActivityAlert(Message message)
2022-07-08 12:03:45,757 [5] ERROR FileLogger - RTX消息提醒
System.Runtime.InteropServices.COMException (0xFFFFBA9E): 应用SDK:连接SDK服务器错误
   在 RTXSAPILib.IRTXSAPIRootObj.SendNotify(String bstrReceiver, String bstrTitle, Int32 lDelayTime, String bstrMsg)
   在 Zhongsoft.EDPortal.Plugins.MessagePlugin.RTXActivityAlert(Message message)
2022-07-08 12:18:55,916 [24] ERROR FileLogger - RTX消息提醒
System.Runtime.InteropServices.COMException (0xFFFFBA9E): 应用SDK:连接SDK服务器错误
   在 RTXSAPILib.IRTXSAPIRootObj.SendNotify(String bstrReceiver, String bstrTitle, Int32 lDelayTime, String bstrMsg)
   在 Zhongsoft.EDPortal.Plugins.MessagePlugin.RTXActivityAlert(Message message)
2022-07-08 12:19:50,864 [65] ERROR FileLogger - RTX消息提醒
System.Runtime.InteropServices.COMException (0xFFFFBA9E): 应用SDK:连接SDK服务器错误
   在 RTXSAPILib.IRTXSAPIRootObj.SendNotify(String bstrReceiver, String bstrTitle, Int32 lDelayTime, String bstrMsg)
   在 Zhongsoft.EDPortal.Plugins.MessagePlugin.RTXActivityAlert(Message message)
2022-07-08 12:20:34,381 [33] ERROR FileLogger - RTX消息提醒
System.Runtime.InteropServices.COMException (0xFFFFBA9E): 应用SDK:连接SDK服务器错误
   在 RTXSAPILib.IRTXSAPIRootObj.SendNotify(String bstrReceiver, String bstrTitle, Int32 lDelayTime, String bstrMsg)
   在 Zhongsoft.EDPortal.Plugins.MessagePlugin.RTXActivityAlert(Message message)
2022-07-08 12:21:16,045 [22] ERROR FileLogger - RTX消息提醒
System.Runtime.InteropServices.COMException (0xFFFFBA9E): 应用SDK:连接SDK服务器错误
   在 RTXSAPILib.IRTXSAPIRootObj.SendNotify(String bstrReceiver, String bstrTitle, Int32 lDelayTime, String bstrMsg)
   在 Zhongsoft.EDPortal.Plugins.MessagePlugin.RTXActivityAlert(Message message)
2022-07-08 12:22:03,899 [63] ERROR FileLogger - RTX消息提醒
System.Runtime.InteropServices.COMException (0xFFFFBA9E): 应用SDK:连接SDK服务器错误
   在 RTXSAPILib.IRTXSAPIRootObj.SendNotify(String bstrReceiver, String bstrTitle, Int32 lDelayTime, String bstrMsg)
   在 Zhongsoft.EDPortal.Plugins.MessagePlugin.RTXActivityAlert(Message message)
2022-07-08 12:23:20,448 [18] ERROR FileLogger - RTX消息提醒
System.Runtime.InteropServices.COMException (0xFFFFBA9E): 应用SDK:连接SDK服务器错误
   在 RTXSAPILib.IRTXSAPIRootObj.SendNotify(String bstrReceiver, String bstrTitle, Int32 lDelayTime, String bstrMsg)
   在 Zhongsoft.EDPortal.Plugins.MessagePlugin.RTXActivityAlert(Message message)
2022-07-08 12:24:31,199 [61] ERROR FileLogger - RTX消息提醒
System.Runtime.InteropServices.COMException (0xFFFFBA9E): 应用SDK:连接SDK服务器错误
   在 RTXSAPILib.IRTXSAPIRootObj.SendNotify(String bstrReceiver, String bstrTitle, Int32 lDelayTime, String bstrMsg)
   在 Zhongsoft.EDPortal.Plugins.MessagePlugin.RTXActivityAlert(Message message)
2022-07-08 12:25:29,338 [69] ERROR FileLogger - RTX消息提醒
System.Runtime.InteropServices.COMException (0xFFFFBA9E): 应用SDK:连接SDK服务器错误
   在 RTXSAPILib.IRTXSAPIRootObj.SendNotify(String bstrReceiver, String bstrTitle, Int32 lDelayTime, String bstrMsg)
   在 Zhongsoft.EDPortal.Plugins.MessagePlugin.RTXActivityAlert(Message message)
2022-07-08 12:26:11,107 [65] ERROR FileLogger - RTX消息提醒
System.Runtime.InteropServices.COMException (0xFFFFBA9E): 应用SDK:连接SDK服务器错误
   在 RTXSAPILib.IRTXSAPIRootObj.SendNotify(String bstrReceiver, String bstrTitle, Int32 lDelayTime, String bstrMsg)
   在 Zhongsoft.EDPortal.Plugins.MessagePlugin.RTXActivityAlert(Message message)
2022-07-08 12:27:01,962 [22] ERROR FileLogger - RTX消息提醒
System.Runtime.InteropServices.COMException (0xFFFFBA9E): 应用SDK:连接SDK服务器错误
   在 RTXSAPILib.IRTXSAPIRootObj.SendNotify(String bstrReceiver, String bstrTitle, Int32 lDelayTime, String bstrMsg)
   在 Zhongsoft.EDPortal.Plugins.MessagePlugin.RTXActivityAlert(Message message)
2022-07-08 12:27:43,658 [25] ERROR FileLogger - RTX消息提醒
System.Runtime.InteropServices.COMException (0xFFFFBA9E): 应用SDK:连接SDK服务器错误
   在 RTXSAPILib.IRTXSAPIRootObj.SendNotify(String bstrReceiver, String bstrTitle, Int32 lDelayTime, String bstrMsg)
   在 Zhongsoft.EDPortal.Plugins.MessagePlugin.RTXActivityAlert(Message message)
2022-07-08 12:28:33,837 [56] ERROR FileLogger - RTX消息提醒
System.Runtime.InteropServices.COMException (0xFFFFBA9E): 应用SDK:连接SDK服务器错误
   在 RTXSAPILib.IRTXSAPIRootObj.SendNotify(String bstrReceiver, String bstrTitle, Int32 lDelayTime, String bstrMsg)
   在 Zhongsoft.EDPortal.Plugins.MessagePlugin.RTXActivityAlert(Message message)
2022-07-08 12:28:46,092 [25] ERROR FileLogger - RTX消息提醒
System.Runtime.InteropServices.COMException (0xFFFFBA9E): 应用SDK:连接SDK服务器错误
   在 RTXSAPILib.IRTXSAPIRootObj.SendNotify(String bstrReceiver, String bstrTitle, Int32 lDelayTime, String bstrMsg)
   在 Zhongsoft.EDPortal.Plugins.MessagePlugin.RTXActivityAlert(Message message)
2022-07-08 12:29:22,608 [29] ERROR FileLogger - RTX消息提醒
System.Runtime.InteropServices.COMException (0xFFFFBA9E): 应用SDK:连接SDK服务器错误
   在 RTXSAPILib.IRTXSAPIRootObj.SendNotify(String bstrReceiver, String bstrTitle, Int32 lDelayTime, String bstrMsg)
   在 Zhongsoft.EDPortal.Plugins.MessagePlugin.RTXActivityAlert(Message message)
2022-07-08 12:30:11,838 [56] ERROR FileLogger - RTX消息提醒
System.Runtime.InteropServices.COMException (0xFFFFBA9E): 应用SDK:连接SDK服务器错误
   在 RTXSAPILib.IRTXSAPIRootObj.SendNotify(String bstrReceiver, String bstrTitle, Int32 lDelayTime, String bstrMsg)
   在 Zhongsoft.EDPortal.Plugins.MessagePlugin.RTXActivityAlert(Message message)
2022-07-08 12:55:21,661 [69] ERROR FileLogger - RTX消息提醒
System.Runtime.InteropServices.COMException (0xFFFFBA9E): 应用SDK:连接SDK服务器错误
   在 RTXSAPILib.IRTXSAPIRootObj.SendNotify(String bstrReceiver, String bstrTitle, Int32 lDelayTime, String bstrMsg)
   在 Zhongsoft.EDPortal.Plugins.MessagePlugin.RTXActivityAlert(Message message)
2022-07-08 12:55:43,562 [61] ERROR FileLogger - RTX消息提醒
System.Runtime.InteropServices.COMException (0xFFFFBA9E): 应用SDK:连接SDK服务器错误
   在 RTXSAPILib.IRTXSAPIRootObj.SendNotify(String bstrReceiver, String bstrTitle, Int32 lDelayTime, String bstrMsg)
   在 Zhongsoft.EDPortal.Plugins.MessagePlugin.RTXActivityAlert(Message message)
2022-07-08 12:55:53,955 [72] ERROR FileLogger - RTX消息提醒
System.Runtime.InteropServices.COMException (0xFFFFBA9E): 应用SDK:连接SDK服务器错误
   在 RTXSAPILib.IRTXSAPIRootObj.SendNotify(String bstrReceiver, String bstrTitle, Int32 lDelayTime, String bstrMsg)
   在 Zhongsoft.EDPortal.Plugins.MessagePlugin.RTXActivityAlert(Message message)
2022-07-08 12:56:03,726 [20] ERROR FileLogger - RTX消息提醒
System.Runtime.InteropServices.COMException (0xFFFFBA9E): 应用SDK:连接SDK服务器错误
   在 RTXSAPILib.IRTXSAPIRootObj.SendNotify(String bstrReceiver, String bstrTitle, Int32 lDelayTime, String bstrMsg)
   在 Zhongsoft.EDPortal.Plugins.MessagePlugin.RTXActivityAlert(Message message)
2022-07-08 12:56:18,885 [58] ERROR FileLogger - RTX消息提醒
System.Runtime.InteropServices.COMException (0xFFFFBA9E): 应用SDK:连接SDK服务器错误
   在 RTXSAPILib.IRTXSAPIRootObj.SendNotify(String bstrReceiver, String bstrTitle, Int32 lDelayTime, String bstrMsg)
   在 Zhongsoft.EDPortal.Plugins.MessagePlugin.RTXActivityAlert(Message message)
2022-07-08 13:00:36,296 [29] ERROR FileLogger - RTX消息提醒
System.Runtime.InteropServices.COMException (0xFFFFBA9E): 应用SDK:连接SDK服务器错误
   在 RTXSAPILib.IRTXSAPIRootObj.SendNotify(String bstrReceiver, String bstrTitle, Int32 lDelayTime, String bstrMsg)
   在 Zhongsoft.EDPortal.Plugins.MessagePlugin.RTXActivityAlert(Message message)
2022-07-08 14:32:13,024 [61] ERROR FileLogger - RTX消息提醒
System.Runtime.InteropServices.COMException (0xFFFFBA9E): 应用SDK:连接SDK服务器错误
   在 RTXSAPILib.IRTXSAPIRootObj.SendNotify(String bstrReceiver, String bstrTitle, Int32 lDelayTime, String bstrMsg)
   在 Zhongsoft.EDPortal.Plugins.MessagePlugin.RTXActivityAlert(Message message)
2022-07-08 14:33:13,469 [62] ERROR FileLogger - RTX消息提醒
System.Runtime.InteropServices.COMException (0xFFFFBA9E): 应用SDK:连接SDK服务器错误
   在 RTXSAPILib.IRTXSAPIRootObj.SendNotify(String bstrReceiver, String bstrTitle, Int32 lDelayTime, String bstrMsg)
   在 Zhongsoft.EDPortal.Plugins.MessagePlugin.RTXActivityAlert(Message message)
2022-07-08 14:33:44,703 [56] ERROR FileLogger - RTX消息提醒
System.Runtime.InteropServices.COMException (0xFFFFBA9E): 应用SDK:连接SDK服务器错误
   在 RTXSAPILib.IRTXSAPIRootObj.SendNotify(String bstrReceiver, String bstrTitle, Int32 lDelayTime, String bstrMsg)
   在 Zhongsoft.EDPortal.Plugins.MessagePlugin.RTXActivityAlert(Message message)
2022-07-08 14:35:37,146 [22] ERROR FileLogger - RTX消息提醒
System.Runtime.InteropServices.COMException (0xFFFFBA9E): 应用SDK:连接SDK服务器错误
   在 RTXSAPILib.IRTXSAPIRootObj.SendNotify(String bstrReceiver, String bstrTitle, Int32 lDelayTime, String bstrMsg)
   在 Zhongsoft.EDPortal.Plugins.MessagePlugin.RTXActivityAlert(Message message)
2022-07-08 14:38:52,145 [62] ERROR FileLogger - RTX消息提醒
System.Runtime.InteropServices.COMException (0xFFFFBA9E): 应用SDK:连接SDK服务器错误
   在 RTXSAPILib.IRTXSAPIRootObj.SendNotify(String bstrReceiver, String bstrTitle, Int32 lDelayTime, String bstrMsg)
   在 Zhongsoft.EDPortal.Plugins.MessagePlugin.RTXActivityAlert(Message message)
2022-07-08 14:40:07,266 [20] ERROR FileLogger - RTX消息提醒
System.Runtime.InteropServices.COMException (0xFFFFBA9E): 应用SDK:连接SDK服务器错误
   在 RTXSAPILib.IRTXSAPIRootObj.SendNotify(String bstrReceiver, String bstrTitle, Int32 lDelayTime, String bstrMsg)
   在 Zhongsoft.EDPortal.Plugins.MessagePlugin.RTXActivityAlert(Message message)
2022-07-08 14:41:32,852 [21] ERROR FileLogger - RTX消息提醒
System.Runtime.InteropServices.COMException (0xFFFFBA9E): 应用SDK:连接SDK服务器错误
   在 RTXSAPILib.IRTXSAPIRootObj.SendNotify(String bstrReceiver, String bstrTitle, Int32 lDelayTime, String bstrMsg)
   在 Zhongsoft.EDPortal.Plugins.MessagePlugin.RTXActivityAlert(Message message)
2022-07-08 14:41:43,526 [60] ERROR FileLogger - RTX消息提醒
System.Runtime.InteropServices.COMException (0xFFFFBA9E): 应用SDK:连接SDK服务器错误
   在 RTXSAPILib.IRTXSAPIRootObj.SendNotify(String bstrReceiver, String bstrTitle, Int32 lDelayTime, String bstrMsg)
   在 Zhongsoft.EDPortal.Plugins.MessagePlugin.RTXActivityAlert(Message message)
2022-07-08 14:42:43,023 [25] ERROR FileLogger - RTX消息提醒
System.Runtime.InteropServices.COMException (0xFFFFBA9E): 应用SDK:连接SDK服务器错误
   在 RTXSAPILib.IRTXSAPIRootObj.SendNotify(String bstrReceiver, String bstrTitle, Int32 lDelayTime, String bstrMsg)
   在 Zhongsoft.EDPortal.Plugins.MessagePlugin.RTXActivityAlert(Message message)
2022-07-08 14:45:38,083 [59] ERROR FileLogger - RTX消息提醒
System.Runtime.InteropServices.COMException (0xFFFFBA9E): 应用SDK:连接SDK服务器错误
   在 RTXSAPILib.IRTXSAPIRootObj.SendNotify(String bstrReceiver, String bstrTitle, Int32 lDelayTime, String bstrMsg)
   在 Zhongsoft.EDPortal.Plugins.MessagePlugin.RTXActivityAlert(Message message)
2022-07-08 14:47:04,565 [10] ERROR FileLogger - RTX消息提醒
System.Runtime.InteropServices.COMException (0xFFFFBA9E): 应用SDK:连接SDK服务器错误
   在 RTXSAPILib.IRTXSAPIRootObj.SendNotify(String bstrReceiver, String bstrTitle, Int32 lDelayTime, String bstrMsg)
   在 Zhongsoft.EDPortal.Plugins.MessagePlugin.RTXActivityAlert(Message message)
2022-07-08 14:47:12,743 [68] ERROR FileLogger - RTX消息提醒
System.Runtime.InteropServices.COMException (0xFFFFBA9E): 应用SDK:连接SDK服务器错误
   在 RTXSAPILib.IRTXSAPIRootObj.SendNotify(String bstrReceiver, String bstrTitle, Int32 lDelayTime, String bstrMsg)
   在 Zhongsoft.EDPortal.Plugins.MessagePlugin.RTXActivityAlert(Message message)
2022-07-08 14:50:23,254 [18] ERROR FileLogger - RTX消息提醒
System.Runtime.InteropServices.COMException (0xFFFFBA9E): 应用SDK:连接SDK服务器错误
   在 RTXSAPILib.IRTXSAPIRootObj.SendNotify(String bstrReceiver, String bstrTitle, Int32 lDelayTime, String bstrMsg)
   在 Zhongsoft.EDPortal.Plugins.MessagePlugin.RTXActivityAlert(Message message)
2022-07-08 14:53:20,986 [59] ERROR FileLogger - RTX消息提醒
System.Runtime.InteropServices.COMException (0xFFFFBA9E): 应用SDK:连接SDK服务器错误
   在 RTXSAPILib.IRTXSAPIRootObj.SendNotify(String bstrReceiver, String bstrTitle, Int32 lDelayTime, String bstrMsg)
   在 Zhongsoft.EDPortal.Plugins.MessagePlugin.RTXActivityAlert(Message message)
2022-07-08 14:53:20,986 [13] ERROR FileLogger - RTX消息提醒
System.Runtime.InteropServices.COMException (0xFFFFBA9E): 应用SDK:连接SDK服务器错误
   在 RTXSAPILib.IRTXSAPIRootObj.SendNotify(String bstrReceiver, String bstrTitle, Int32 lDelayTime, String bstrMsg)
   在 Zhongsoft.EDPortal.Plugins.MessagePlugin.RTXActivityAlert(Message message)
2022-07-08 14:53:36,996 [19] ERROR FileLogger - RTX消息提醒
System.Runtime.InteropServices.COMException (0xFFFFBA9E): 应用SDK:连接SDK服务器错误
   在 RTXSAPILib.IRTXSAPIRootObj.SendNotify(String bstrReceiver, String bstrTitle, Int32 lDelayTime, String bstrMsg)
   在 Zhongsoft.EDPortal.Plugins.MessagePlugin.RTXActivityAlert(Message message)
2022-07-08 14:53:36,996 [62] ERROR FileLogger - RTX消息提醒
System.Runtime.InteropServices.COMException (0xFFFFBA9E): 应用SDK:连接SDK服务器错误
   在 RTXSAPILib.IRTXSAPIRootObj.SendNotify(String bstrReceiver, String bstrTitle, Int32 lDelayTime, String bstrMsg)
   在 Zhongsoft.EDPortal.Plugins.MessagePlugin.RTXActivityAlert(Message message)
2022-07-08 14:53:45,831 [56] ERROR FileLogger - RTX消息提醒
System.Runtime.InteropServices.COMException (0xFFFFBA9E): 应用SDK:连接SDK服务器错误
   在 RTXSAPILib.IRTXSAPIRootObj.SendNotify(String bstrReceiver, String bstrTitle, Int32 lDelayTime, String bstrMsg)
   在 Zhongsoft.EDPortal.Plugins.MessagePlugin.RTXActivityAlert(Message message)
2022-07-08 14:53:45,831 [60] ERROR FileLogger - RTX消息提醒
System.Runtime.InteropServices.COMException (0xFFFFBA9E): 应用SDK:连接SDK服务器错误
   在 RTXSAPILib.IRTXSAPIRootObj.SendNotify(String bstrReceiver, String bstrTitle, Int32 lDelayTime, String bstrMsg)
   在 Zhongsoft.EDPortal.Plugins.MessagePlugin.RTXActivityAlert(Message message)
2022-07-08 14:53:53,766 [56] ERROR FileLogger - RTX消息提醒
System.Runtime.InteropServices.COMException (0xFFFFBA9E): 应用SDK:连接SDK服务器错误
   在 RTXSAPILib.IRTXSAPIRootObj.SendNotify(String bstrReceiver, String bstrTitle, Int32 lDelayTime, String bstrMsg)
   在 Zhongsoft.EDPortal.Plugins.MessagePlugin.RTXActivityAlert(Message message)
2022-07-08 14:54:23,815 [24] ERROR FileLogger - RTX消息提醒
System.Runtime.InteropServices.COMException (0xFFFFBA9E): 应用SDK:连接SDK服务器错误
   在 RTXSAPILib.IRTXSAPIRootObj.SendNotify(String bstrReceiver, String bstrTitle, Int32 lDelayTime, String bstrMsg)
   在 Zhongsoft.EDPortal.Plugins.MessagePlugin.RTXActivityAlert(Message message)
2022-07-08 15:06:16,263 [64] ERROR FileLogger - RTX消息提醒
System.Runtime.InteropServices.COMException (0xFFFFBA9E): 应用SDK:连接SDK服务器错误
   在 RTXSAPILib.IRTXSAPIRootObj.SendNotify(String bstrReceiver, String bstrTitle, Int32 lDelayTime, String bstrMsg)
   在 Zhongsoft.EDPortal.Plugins.MessagePlugin.RTXActivityAlert(Message message)
2022-07-08 15:10:35,742 [29] ERROR FileLogger - RTX消息提醒
System.Runtime.InteropServices.COMException (0xFFFFBA9E): 应用SDK:连接SDK服务器错误
   在 RTXSAPILib.IRTXSAPIRootObj.SendNotify(String bstrReceiver, String bstrTitle, Int32 lDelayTime, String bstrMsg)
   在 Zhongsoft.EDPortal.Plugins.MessagePlugin.RTXActivityAlert(Message message)
2022-07-08 15:25:46,393 [34] ERROR FileLogger - RTX消息提醒
System.Runtime.InteropServices.COMException (0xFFFFBA9E): 应用SDK:连接SDK服务器错误
   在 RTXSAPILib.IRTXSAPIRootObj.SendNotify(String bstrReceiver, String bstrTitle, Int32 lDelayTime, String bstrMsg)
   在 Zhongsoft.EDPortal.Plugins.MessagePlugin.RTXActivityAlert(Message message)
2022-07-08 15:26:18,370 [56] ERROR FileLogger - RTX消息提醒
System.Runtime.InteropServices.COMException (0xFFFFBA9E): 应用SDK:连接SDK服务器错误
   在 RTXSAPILib.IRTXSAPIRootObj.SendNotify(String bstrReceiver, String bstrTitle, Int32 lDelayTime, String bstrMsg)
   在 Zhongsoft.EDPortal.Plugins.MessagePlugin.RTXActivityAlert(Message message)
2022-07-08 15:28:17,145 [37] ERROR FileLogger - RTX消息提醒
System.Runtime.InteropServices.COMException (0xFFFFBA9E): 应用SDK:连接SDK服务器错误
   在 RTXSAPILib.IRTXSAPIRootObj.SendNotify(String bstrReceiver, String bstrTitle, Int32 lDelayTime, String bstrMsg)
   在 Zhongsoft.EDPortal.Plugins.MessagePlugin.RTXActivityAlert(Message message)
2022-07-08 15:29:08,555 [18] ERROR FileLogger - RTX消息提醒
System.Runtime.InteropServices.COMException (0xFFFFBA9E): 应用SDK:连接SDK服务器错误
   在 RTXSAPILib.IRTXSAPIRootObj.SendNotify(String bstrReceiver, String bstrTitle, Int32 lDelayTime, String bstrMsg)
   在 Zhongsoft.EDPortal.Plugins.MessagePlugin.RTXActivityAlert(Message message)
2022-07-08 15:31:49,087 [53] ERROR FileLogger - RTX消息提醒
System.Runtime.InteropServices.COMException (0xFFFFBA9E): 应用SDK:连接SDK服务器错误
   在 RTXSAPILib.IRTXSAPIRootObj.SendNotify(String bstrReceiver, String bstrTitle, Int32 lDelayTime, String bstrMsg)
   在 Zhongsoft.EDPortal.Plugins.MessagePlugin.RTXActivityAlert(Message message)
2022-07-08 15:37:23,294 [53] ERROR FileLogger - RTX消息提醒
System.Runtime.InteropServices.COMException (0xFFFFBA9E): 应用SDK:连接SDK服务器错误
   在 RTXSAPILib.IRTXSAPIRootObj.SendNotify(String bstrReceiver, String bstrTitle, Int32 lDelayTime, String bstrMsg)
   在 Zhongsoft.EDPortal.Plugins.MessagePlugin.RTXActivityAlert(Message message)
2022-07-08 15:37:23,294 [72] ERROR FileLogger - RTX消息提醒
System.Runtime.InteropServices.COMException (0xFFFFBA9E): 应用SDK:连接SDK服务器错误
   在 RTXSAPILib.IRTXSAPIRootObj.SendNotify(String bstrReceiver, String bstrTitle, Int32 lDelayTime, String bstrMsg)
   在 Zhongsoft.EDPortal.Plugins.MessagePlugin.RTXActivityAlert(Message message)
2022-07-08 15:47:46,363 [66] ERROR FileLogger - RTX消息提醒
System.Runtime.InteropServices.COMException (0xFFFFBA9E): 应用SDK:连接SDK服务器错误
   在 RTXSAPILib.IRTXSAPIRootObj.SendNotify(String bstrReceiver, String bstrTitle, Int32 lDelayTime, String bstrMsg)
   在 Zhongsoft.EDPortal.Plugins.MessagePlugin.RTXActivityAlert(Message message)
2022-07-08 15:47:58,960 [54] ERROR FileLogger - RTX消息提醒
System.Runtime.InteropServices.COMException (0xFFFFBA9E): 应用SDK:连接SDK服务器错误
   在 RTXSAPILib.IRTXSAPIRootObj.SendNotify(String bstrReceiver, String bstrTitle, Int32 lDelayTime, String bstrMsg)
   在 Zhongsoft.EDPortal.Plugins.MessagePlugin.RTXActivityAlert(Message message)
2022-07-08 15:48:07,369 [56] ERROR FileLogger - RTX消息提醒
System.Runtime.InteropServices.COMException (0xFFFFBA9E): 应用SDK:连接SDK服务器错误
   在 RTXSAPILib.IRTXSAPIRootObj.SendNotify(String bstrReceiver, String bstrTitle, Int32 lDelayTime, String bstrMsg)
   在 Zhongsoft.EDPortal.Plugins.MessagePlugin.RTXActivityAlert(Message message)
2022-07-08 15:48:29,408 [21] ERROR FileLogger - RTX消息提醒
System.Runtime.InteropServices.COMException (0xFFFFBA9E): 应用SDK:连接SDK服务器错误
   在 RTXSAPILib.IRTXSAPIRootObj.SendNotify(String bstrReceiver, String bstrTitle, Int32 lDelayTime, String bstrMsg)
   在 Zhongsoft.EDPortal.Plugins.MessagePlugin.RTXActivityAlert(Message message)
2022-07-08 15:50:22,609 [60] ERROR FileLogger - RTX消息提醒
System.Runtime.InteropServices.COMException (0xFFFFBA9E): 应用SDK:连接SDK服务器错误
   在 RTXSAPILib.IRTXSAPIRootObj.SendNotify(String bstrReceiver, String bstrTitle, Int32 lDelayTime, String bstrMsg)
   在 Zhongsoft.EDPortal.Plugins.MessagePlugin.RTXActivityAlert(Message message)
2022-07-08 15:54:33,953 [53] ERROR FileLogger - RTX消息提醒
System.Runtime.InteropServices.COMException (0xFFFFBA9E): 应用SDK:连接SDK服务器错误
   在 RTXSAPILib.IRTXSAPIRootObj.SendNotify(String bstrReceiver, String bstrTitle, Int32 lDelayTime, String bstrMsg)
   在 Zhongsoft.EDPortal.Plugins.MessagePlugin.RTXActivityAlert(Message message)
2022-07-08 15:54:37,845 [20] ERROR FileLogger - RTX消息提醒
System.Runtime.InteropServices.COMException (0xFFFFBA9E): 应用SDK:连接SDK服务器错误
   在 RTXSAPILib.IRTXSAPIRootObj.SendNotify(String bstrReceiver, String bstrTitle, Int32 lDelayTime, String bstrMsg)
   在 Zhongsoft.EDPortal.Plugins.MessagePlugin.RTXActivityAlert(Message message)
2022-07-08 15:54:41,363 [60] ERROR FileLogger - RTX消息提醒
System.Runtime.InteropServices.COMException (0xFFFFBA9E): 应用SDK:连接SDK服务器错误
   在 RTXSAPILib.IRTXSAPIRootObj.SendNotify(String bstrReceiver, String bstrTitle, Int32 lDelayTime, String bstrMsg)
   在 Zhongsoft.EDPortal.Plugins.MessagePlugin.RTXActivityAlert(Message message)
2022-07-08 15:54:51,692 [61] ERROR FileLogger - RTX消息提醒
System.Runtime.InteropServices.COMException (0xFFFFBA9E): 应用SDK:连接SDK服务器错误
   在 RTXSAPILib.IRTXSAPIRootObj.SendNotify(String bstrReceiver, String bstrTitle, Int32 lDelayTime, String bstrMsg)
   在 Zhongsoft.EDPortal.Plugins.MessagePlugin.RTXActivityAlert(Message message)
2022-07-08 15:55:00,660 [5] ERROR FileLogger - RTX消息提醒
System.Runtime.InteropServices.COMException (0xFFFFBA9E): 应用SDK:连接SDK服务器错误
   在 RTXSAPILib.IRTXSAPIRootObj.SendNotify(String bstrReceiver, String bstrTitle, Int32 lDelayTime, String bstrMsg)
   在 Zhongsoft.EDPortal.Plugins.MessagePlugin.RTXActivityAlert(Message message)
2022-07-08 15:55:07,870 [64] ERROR FileLogger - RTX消息提醒
System.Runtime.InteropServices.COMException (0xFFFFBA9E): 应用SDK:连接SDK服务器错误
   在 RTXSAPILib.IRTXSAPIRootObj.SendNotify(String bstrReceiver, String bstrTitle, Int32 lDelayTime, String bstrMsg)
   在 Zhongsoft.EDPortal.Plugins.MessagePlugin.RTXActivityAlert(Message message)
2022-07-08 15:55:52,809 [61] ERROR FileLogger - RTX消息提醒
System.Runtime.InteropServices.COMException (0xFFFFBA9E): 应用SDK:连接SDK服务器错误
   在 RTXSAPILib.IRTXSAPIRootObj.SendNotify(String bstrReceiver, String bstrTitle, Int32 lDelayTime, String bstrMsg)
   在 Zhongsoft.EDPortal.Plugins.MessagePlugin.RTXActivityAlert(Message message)
2022-07-08 16:02:44,410 [54] ERROR FileLogger - RTX消息提醒
System.Runtime.InteropServices.COMException (0xFFFFBA9E): 应用SDK:连接SDK服务器错误
   在 RTXSAPILib.IRTXSAPIRootObj.SendNotify(String bstrReceiver, String bstrTitle, Int32 lDelayTime, String bstrMsg)
   在 Zhongsoft.EDPortal.Plugins.MessagePlugin.RTXActivityAlert(Message message)
2022-07-08 16:10:46,861 [58] ERROR FileLogger - RTX消息提醒
System.Runtime.InteropServices.COMException (0xFFFFBA9E): 应用SDK:连接SDK服务器错误
   在 RTXSAPILib.IRTXSAPIRootObj.SendNotify(String bstrReceiver, String bstrTitle, Int32 lDelayTime, String bstrMsg)
   在 Zhongsoft.EDPortal.Plugins.MessagePlugin.RTXActivityAlert(Message message)
2022-07-08 16:14:18,827 [10] ERROR FileLogger - RTX消息提醒
System.Runtime.InteropServices.COMException (0xFFFFBA9E): 应用SDK:连接SDK服务器错误
   在 RTXSAPILib.IRTXSAPIRootObj.SendNotify(String bstrReceiver, String bstrTitle, Int32 lDelayTime, String bstrMsg)
   在 Zhongsoft.EDPortal.Plugins.MessagePlugin.RTXActivityAlert(Message message)
2022-07-08 16:23:34,088 [15] ERROR FileLogger - RTX消息提醒
System.Runtime.InteropServices.COMException (0xFFFFBA9E): 应用SDK:连接SDK服务器错误
   在 RTXSAPILib.IRTXSAPIRootObj.SendNotify(String bstrReceiver, String bstrTitle, Int32 lDelayTime, String bstrMsg)
   在 Zhongsoft.EDPortal.Plugins.MessagePlugin.RTXActivityAlert(Message message)
2022-07-08 16:24:29,950 [60] ERROR FileLogger - RTX消息提醒
System.Runtime.InteropServices.COMException (0xFFFFBA9E): 应用SDK:连接SDK服务器错误
   在 RTXSAPILib.IRTXSAPIRootObj.SendNotify(String bstrReceiver, String bstrTitle, Int32 lDelayTime, String bstrMsg)
   在 Zhongsoft.EDPortal.Plugins.MessagePlugin.RTXActivityAlert(Message message)
2022-07-08 16:43:10,783 [70] ERROR FileLogger - RTX消息提醒
System.Runtime.InteropServices.COMException (0xFFFFBA9E): 应用SDK:连接SDK服务器错误
   在 RTXSAPILib.IRTXSAPIRootObj.SendNotify(String bstrReceiver, String bstrTitle, Int32 lDelayTime, String bstrMsg)
   在 Zhongsoft.EDPortal.Plugins.MessagePlugin.RTXActivityAlert(Message message)
2022-07-08 16:44:03,075 [67] ERROR FileLogger - RTX消息提醒
System.Runtime.InteropServices.COMException (0xFFFFBA9E): 应用SDK:连接SDK服务器错误
   在 RTXSAPILib.IRTXSAPIRootObj.SendNotify(String bstrReceiver, String bstrTitle, Int32 lDelayTime, String bstrMsg)
   在 Zhongsoft.EDPortal.Plugins.MessagePlugin.RTXActivityAlert(Message message)
2022-07-08 16:44:03,075 [22] ERROR FileLogger - RTX消息提醒
System.Runtime.InteropServices.COMException (0xFFFFBA9E): 应用SDK:连接SDK服务器错误
   在 RTXSAPILib.IRTXSAPIRootObj.SendNotify(String bstrReceiver, String bstrTitle, Int32 lDelayTime, String bstrMsg)
   在 Zhongsoft.EDPortal.Plugins.MessagePlugin.RTXActivityAlert(Message message)
2022-07-08 16:44:15,892 [66] ERROR FileLogger - RTX消息提醒
System.Runtime.InteropServices.COMException (0xFFFFBA9E): 应用SDK:连接SDK服务器错误
   在 RTXSAPILib.IRTXSAPIRootObj.SendNotify(String bstrReceiver, String bstrTitle, Int32 lDelayTime, String bstrMsg)
   在 Zhongsoft.EDPortal.Plugins.MessagePlugin.RTXActivityAlert(Message message)
2022-07-08 16:44:33,206 [24] ERROR FileLogger - RTX消息提醒
System.Runtime.InteropServices.COMException (0xFFFFBA9E): 应用SDK:连接SDK服务器错误
   在 RTXSAPILib.IRTXSAPIRootObj.SendNotify(String bstrReceiver, String bstrTitle, Int32 lDelayTime, String bstrMsg)
   在 Zhongsoft.EDPortal.Plugins.MessagePlugin.RTXActivityAlert(Message message)
2022-07-08 16:47:36,330 [54] ERROR FileLogger - RTX消息提醒
System.Runtime.InteropServices.COMException (0xFFFFBA9E): 应用SDK:连接SDK服务器错误
   在 RTXSAPILib.IRTXSAPIRootObj.SendNotify(String bstrReceiver, String bstrTitle, Int32 lDelayTime, String bstrMsg)
   在 Zhongsoft.EDPortal.Plugins.MessagePlugin.RTXActivityAlert(Message message)
2022-07-08 16:48:08,943 [63] ERROR FileLogger - RTX消息提醒
System.Runtime.InteropServices.COMException (0xFFFFBA9E): 应用SDK:连接SDK服务器错误
   在 RTXSAPILib.IRTXSAPIRootObj.SendNotify(String bstrReceiver, String bstrTitle, Int32 lDelayTime, String bstrMsg)
   在 Zhongsoft.EDPortal.Plugins.MessagePlugin.RTXActivityAlert(Message message)
2022-07-08 16:49:55,533 [15] ERROR FileLogger - RTX消息提醒
System.Runtime.InteropServices.COMException (0xFFFFBA9E): 应用SDK:连接SDK服务器错误
   在 RTXSAPILib.IRTXSAPIRootObj.SendNotify(String bstrReceiver, String bstrTitle, Int32 lDelayTime, String bstrMsg)
   在 Zhongsoft.EDPortal.Plugins.MessagePlugin.RTXActivityAlert(Message message)
2022-07-08 16:50:05,604 [68] ERROR FileLogger - RTX消息提醒
System.Runtime.InteropServices.COMException (0xFFFFBA9E): 应用SDK:连接SDK服务器错误
   在 RTXSAPILib.IRTXSAPIRootObj.SendNotify(String bstrReceiver, String bstrTitle, Int32 lDelayTime, String bstrMsg)
   在 Zhongsoft.EDPortal.Plugins.MessagePlugin.RTXActivityAlert(Message message)
2022-07-08 16:51:05,766 [70] ERROR FileLogger - RTX消息提醒
System.Runtime.InteropServices.COMException (0xFFFFBA9E): 应用SDK:连接SDK服务器错误
   在 RTXSAPILib.IRTXSAPIRootObj.SendNotify(String bstrReceiver, String bstrTitle, Int32 lDelayTime, String bstrMsg)
   在 Zhongsoft.EDPortal.Plugins.MessagePlugin.RTXActivityAlert(Message message)
2022-07-08 16:54:24,859 [70] ERROR FileLogger - RTX消息提醒
System.Runtime.InteropServices.COMException (0xFFFFBA9E): 应用SDK:连接SDK服务器错误
   在 RTXSAPILib.IRTXSAPIRootObj.SendNotify(String bstrReceiver, String bstrTitle, Int32 lDelayTime, String bstrMsg)
   在 Zhongsoft.EDPortal.Plugins.MessagePlugin.RTXActivityAlert(Message message)
2022-07-08 16:54:56,169 [52] ERROR FileLogger - RTX消息提醒
System.Runtime.InteropServices.COMException (0xFFFFBA9E): 应用SDK:连接SDK服务器错误
   在 RTXSAPILib.IRTXSAPIRootObj.SendNotify(String bstrReceiver, String bstrTitle, Int32 lDelayTime, String bstrMsg)
   在 Zhongsoft.EDPortal.Plugins.MessagePlugin.RTXActivityAlert(Message message)
2022-07-08 16:55:29,479 [67] ERROR FileLogger - RTX消息提醒
System.Runtime.InteropServices.COMException (0xFFFFBA9E): 应用SDK:连接SDK服务器错误
   在 RTXSAPILib.IRTXSAPIRootObj.SendNotify(String bstrReceiver, String bstrTitle, Int32 lDelayTime, String bstrMsg)
   在 Zhongsoft.EDPortal.Plugins.MessagePlugin.RTXActivityAlert(Message message)
2022-07-08 16:55:37,844 [54] ERROR FileLogger - RTX消息提醒
System.Runtime.InteropServices.COMException (0xFFFFBA9E): 应用SDK:连接SDK服务器错误
   在 RTXSAPILib.IRTXSAPIRootObj.SendNotify(String bstrReceiver, String bstrTitle, Int32 lDelayTime, String bstrMsg)
   在 Zhongsoft.EDPortal.Plugins.MessagePlugin.RTXActivityAlert(Message message)
2022-07-08 16:55:44,132 [34] ERROR FileLogger - RTX消息提醒
System.Runtime.InteropServices.COMException (0xFFFFBA9E): 应用SDK:连接SDK服务器错误
   在 RTXSAPILib.IRTXSAPIRootObj.SendNotify(String bstrReceiver, String bstrTitle, Int32 lDelayTime, String bstrMsg)
   在 Zhongsoft.EDPortal.Plugins.MessagePlugin.RTXActivityAlert(Message message)
2022-07-08 16:55:49,839 [60] ERROR FileLogger - RTX消息提醒
System.Runtime.InteropServices.COMException (0xFFFFBA9E): 应用SDK:连接SDK服务器错误
   在 RTXSAPILib.IRTXSAPIRootObj.SendNotify(String bstrReceiver, String bstrTitle, Int32 lDelayTime, String bstrMsg)
   在 Zhongsoft.EDPortal.Plugins.MessagePlugin.RTXActivityAlert(Message message)
2022-07-08 16:56:01,403 [56] ERROR FileLogger - RTX消息提醒
System.Runtime.InteropServices.COMException (0xFFFFBA9E): 应用SDK:连接SDK服务器错误
   在 RTXSAPILib.IRTXSAPIRootObj.SendNotify(String bstrReceiver, String bstrTitle, Int32 lDelayTime, String bstrMsg)
   在 Zhongsoft.EDPortal.Plugins.MessagePlugin.RTXActivityAlert(Message message)
2022-07-08 16:56:08,159 [28] ERROR FileLogger - RTX消息提醒
System.Runtime.InteropServices.COMException (0xFFFFBA9E): 应用SDK:连接SDK服务器错误
   在 RTXSAPILib.IRTXSAPIRootObj.SendNotify(String bstrReceiver, String bstrTitle, Int32 lDelayTime, String bstrMsg)
   在 Zhongsoft.EDPortal.Plugins.MessagePlugin.RTXActivityAlert(Message message)
2022-07-08 16:56:13,550 [13] ERROR FileLogger - RTX消息提醒
System.Runtime.InteropServices.COMException (0xFFFFBA9E): 应用SDK:连接SDK服务器错误
   在 RTXSAPILib.IRTXSAPIRootObj.SendNotify(String bstrReceiver, String bstrTitle, Int32 lDelayTime, String bstrMsg)
   在 Zhongsoft.EDPortal.Plugins.MessagePlugin.RTXActivityAlert(Message message)
2022-07-08 16:56:19,386 [59] ERROR FileLogger - RTX消息提醒
System.Runtime.InteropServices.COMException (0xFFFFBA9E): 应用SDK:连接SDK服务器错误
   在 RTXSAPILib.IRTXSAPIRootObj.SendNotify(String bstrReceiver, String bstrTitle, Int32 lDelayTime, String bstrMsg)
   在 Zhongsoft.EDPortal.Plugins.MessagePlugin.RTXActivityAlert(Message message)
2022-07-08 16:56:24,107 [58] ERROR FileLogger - RTX消息提醒
System.Runtime.InteropServices.COMException (0xFFFFBA9E): 应用SDK:连接SDK服务器错误
   在 RTXSAPILib.IRTXSAPIRootObj.SendNotify(String bstrReceiver, String bstrTitle, Int32 lDelayTime, String bstrMsg)
   在 Zhongsoft.EDPortal.Plugins.MessagePlugin.RTXActivityAlert(Message message)
2022-07-08 16:59:18,883 [21] ERROR FileLogger - RTX消息提醒
System.Runtime.InteropServices.COMException (0xFFFFBA9E): 应用SDK:连接SDK服务器错误
   在 RTXSAPILib.IRTXSAPIRootObj.SendNotify(String bstrReceiver, String bstrTitle, Int32 lDelayTime, String bstrMsg)
   在 Zhongsoft.EDPortal.Plugins.MessagePlugin.RTXActivityAlert(Message message)
2022-07-08 16:59:36,910 [61] ERROR FileLogger - RTX消息提醒
System.Runtime.InteropServices.COMException (0xFFFFBA9E): 应用SDK:连接SDK服务器错误
   在 RTXSAPILib.IRTXSAPIRootObj.SendNotify(String bstrReceiver, String bstrTitle, Int32 lDelayTime, String bstrMsg)
   在 Zhongsoft.EDPortal.Plugins.MessagePlugin.RTXActivityAlert(Message message)
2022-07-08 17:01:31,395 [29] ERROR FileLogger - RTX消息提醒
System.Runtime.InteropServices.COMException (0xFFFFBA9E): 应用SDK:连接SDK服务器错误
   在 RTXSAPILib.IRTXSAPIRootObj.SendNotify(String bstrReceiver, String bstrTitle, Int32 lDelayTime, String bstrMsg)
   在 Zhongsoft.EDPortal.Plugins.MessagePlugin.RTXActivityAlert(Message message)
2022-07-08 17:01:31,395 [69] ERROR FileLogger - RTX消息提醒
System.Runtime.InteropServices.COMException (0xFFFFBA9E): 应用SDK:连接SDK服务器错误
   在 RTXSAPILib.IRTXSAPIRootObj.SendNotify(String bstrReceiver, String bstrTitle, Int32 lDelayTime, String bstrMsg)
   在 Zhongsoft.EDPortal.Plugins.MessagePlugin.RTXActivityAlert(Message message)
2022-07-08 17:01:31,395 [58] ERROR FileLogger - RTX消息提醒
System.Runtime.InteropServices.COMException (0xFFFFBA9E): 应用SDK:连接SDK服务器错误
   在 RTXSAPILib.IRTXSAPIRootObj.SendNotify(String bstrReceiver, String bstrTitle, Int32 lDelayTime, String bstrMsg)
   在 Zhongsoft.EDPortal.Plugins.MessagePlugin.RTXActivityAlert(Message message)
2022-07-08 17:01:31,395 [67] ERROR FileLogger - RTX消息提醒
System.Runtime.InteropServices.COMException (0xFFFFBA9E): 应用SDK:连接SDK服务器错误
   在 RTXSAPILib.IRTXSAPIRootObj.SendNotify(String bstrReceiver, String bstrTitle, Int32 lDelayTime, String bstrMsg)
   在 Zhongsoft.EDPortal.Plugins.MessagePlugin.RTXActivityAlert(Message message)
2022-07-08 17:01:31,395 [18] ERROR FileLogger - RTX消息提醒
System.Runtime.InteropServices.COMException (0xFFFFBA9E): 应用SDK:连接SDK服务器错误
   在 RTXSAPILib.IRTXSAPIRootObj.SendNotify(String bstrReceiver, String bstrTitle, Int32 lDelayTime, String bstrMsg)
   在 Zhongsoft.EDPortal.Plugins.MessagePlugin.RTXActivityAlert(Message message)
2022-07-08 17:01:31,395 [76] ERROR FileLogger - RTX消息提醒
System.Runtime.InteropServices.COMException (0xFFFFBA9E): 应用SDK:连接SDK服务器错误
   在 RTXSAPILib.IRTXSAPIRootObj.SendNotify(String bstrReceiver, String bstrTitle, Int32 lDelayTime, String bstrMsg)
   在 Zhongsoft.EDPortal.Plugins.MessagePlugin.RTXActivityAlert(Message message)
2022-07-08 17:01:31,395 [70] ERROR FileLogger - RTX消息提醒
System.Runtime.InteropServices.COMException (0xFFFFBA9E): 应用SDK:连接SDK服务器错误
   在 RTXSAPILib.IRTXSAPIRootObj.SendNotify(String bstrReceiver, String bstrTitle, Int32 lDelayTime, String bstrMsg)
   在 Zhongsoft.EDPortal.Plugins.MessagePlugin.RTXActivityAlert(Message message)
2022-07-08 17:01:31,395 [20] ERROR FileLogger - RTX消息提醒
System.Runtime.InteropServices.COMException (0xFFFFBA9E): 应用SDK:连接SDK服务器错误
   在 RTXSAPILib.IRTXSAPIRootObj.SendNotify(String bstrReceiver, String bstrTitle, Int32 lDelayTime, String bstrMsg)
   在 Zhongsoft.EDPortal.Plugins.MessagePlugin.RTXActivityAlert(Message message)
2022-07-08 17:01:31,410 [22] ERROR FileLogger - RTX消息提醒
System.Runtime.InteropServices.COMException (0xFFFFBA9E): 应用SDK:连接SDK服务器错误
   在 RTXSAPILib.IRTXSAPIRootObj.SendNotify(String bstrReceiver, String bstrTitle, Int32 lDelayTime, String bstrMsg)
   在 Zhongsoft.EDPortal.Plugins.MessagePlugin.RTXActivityAlert(Message message)
2022-07-08 17:01:31,410 [66] ERROR FileLogger - RTX消息提醒
System.Runtime.InteropServices.COMException (0xFFFFBA9E): 应用SDK:连接SDK服务器错误
   在 RTXSAPILib.IRTXSAPIRootObj.SendNotify(String bstrReceiver, String bstrTitle, Int32 lDelayTime, String bstrMsg)
   在 Zhongsoft.EDPortal.Plugins.MessagePlugin.RTXActivityAlert(Message message)
2022-07-08 17:01:31,410 [34] ERROR FileLogger - RTX消息提醒
System.Runtime.InteropServices.COMException (0xFFFFBA9E): 应用SDK:连接SDK服务器错误
   在 RTXSAPILib.IRTXSAPIRootObj.SendNotify(String bstrReceiver, String bstrTitle, Int32 lDelayTime, String bstrMsg)
   在 Zhongsoft.EDPortal.Plugins.MessagePlugin.RTXActivityAlert(Message message)
2022-07-08 17:01:31,410 [61] ERROR FileLogger - RTX消息提醒
System.Runtime.InteropServices.COMException (0xFFFFBA9E): 应用SDK:连接SDK服务器错误
   在 RTXSAPILib.IRTXSAPIRootObj.SendNotify(String bstrReceiver, String bstrTitle, Int32 lDelayTime, String bstrMsg)
   在 Zhongsoft.EDPortal.Plugins.MessagePlugin.RTXActivityAlert(Message message)
2022-07-08 17:01:31,410 [13] ERROR FileLogger - RTX消息提醒
System.Runtime.InteropServices.COMException (0xFFFFBA9E): 应用SDK:连接SDK服务器错误
   在 RTXSAPILib.IRTXSAPIRootObj.SendNotify(String bstrReceiver, String bstrTitle, Int32 lDelayTime, String bstrMsg)
   在 Zhongsoft.EDPortal.Plugins.MessagePlugin.RTXActivityAlert(Message message)
2022-07-08 17:01:31,410 [62] ERROR FileLogger - RTX消息提醒
System.Runtime.InteropServices.COMException (0xFFFFBA9E): 应用SDK:连接SDK服务器错误
   在 RTXSAPILib.IRTXSAPIRootObj.SendNotify(String bstrReceiver, String bstrTitle, Int32 lDelayTime, String bstrMsg)
   在 Zhongsoft.EDPortal.Plugins.MessagePlugin.RTXActivityAlert(Message message)
2022-07-08 17:01:31,410 [25] ERROR FileLogger - RTX消息提醒
System.Runtime.InteropServices.COMException (0xFFFFBA9E): 应用SDK:连接SDK服务器错误
   在 RTXSAPILib.IRTXSAPIRootObj.SendNotify(String bstrReceiver, String bstrTitle, Int32 lDelayTime, String bstrMsg)
   在 Zhongsoft.EDPortal.Plugins.MessagePlugin.RTXActivityAlert(Message message)
2022-07-08 17:01:31,410 [10] ERROR FileLogger - RTX消息提醒
System.Runtime.InteropServices.COMException (0xFFFFBA9E): 应用SDK:连接SDK服务器错误
   在 RTXSAPILib.IRTXSAPIRootObj.SendNotify(String bstrReceiver, String bstrTitle, Int32 lDelayTime, String bstrMsg)
   在 Zhongsoft.EDPortal.Plugins.MessagePlugin.RTXActivityAlert(Message message)
2022-07-08 17:01:31,410 [19] ERROR FileLogger - RTX消息提醒
System.Runtime.InteropServices.COMException (0xFFFFBA9E): 应用SDK:连接SDK服务器错误
   在 RTXSAPILib.IRTXSAPIRootObj.SendNotify(String bstrReceiver, String bstrTitle, Int32 lDelayTime, String bstrMsg)
   在 Zhongsoft.EDPortal.Plugins.MessagePlugin.RTXActivityAlert(Message message)
2022-07-08 17:01:31,410 [23] ERROR FileLogger - RTX消息提醒
System.Runtime.InteropServices.COMException (0xFFFFBA9E): 应用SDK:连接SDK服务器错误
   在 RTXSAPILib.IRTXSAPIRootObj.SendNotify(String bstrReceiver, String bstrTitle, Int32 lDelayTime, String bstrMsg)
   在 Zhongsoft.EDPortal.Plugins.MessagePlugin.RTXActivityAlert(Message message)
2022-07-08 17:01:31,410 [54] ERROR FileLogger - RTX消息提醒
System.Runtime.InteropServices.COMException (0xFFFFBA9E): 应用SDK:连接SDK服务器错误
   在 RTXSAPILib.IRTXSAPIRootObj.SendNotify(String bstrReceiver, String bstrTitle, Int32 lDelayTime, String bstrMsg)
   在 Zhongsoft.EDPortal.Plugins.MessagePlugin.RTXActivityAlert(Message message)
2022-07-08 17:01:31,410 [65] ERROR FileLogger - RTX消息提醒
System.Runtime.InteropServices.COMException (0xFFFFBA9E): 应用SDK:连接SDK服务器错误
   在 RTXSAPILib.IRTXSAPIRootObj.SendNotify(String bstrReceiver, String bstrTitle, Int32 lDelayTime, String bstrMsg)
   在 Zhongsoft.EDPortal.Plugins.MessagePlugin.RTXActivityAlert(Message message)
2022-07-08 17:01:31,410 [33] ERROR FileLogger - RTX消息提醒
System.Runtime.InteropServices.COMException (0xFFFFBA9E): 应用SDK:连接SDK服务器错误
   在 RTXSAPILib.IRTXSAPIRootObj.SendNotify(String bstrReceiver, String bstrTitle, Int32 lDelayTime, String bstrMsg)
   在 Zhongsoft.EDPortal.Plugins.MessagePlugin.RTXActivityAlert(Message message)
2022-07-08 17:01:31,410 [37] ERROR FileLogger - RTX消息提醒
System.Runtime.InteropServices.COMException (0xFFFFBA9E): 应用SDK:连接SDK服务器错误
   在 RTXSAPILib.IRTXSAPIRootObj.SendNotify(String bstrReceiver, String bstrTitle, Int32 lDelayTime, String bstrMsg)
   在 Zhongsoft.EDPortal.Plugins.MessagePlugin.RTXActivityAlert(Message message)
2022-07-08 17:01:31,410 [59] ERROR FileLogger - RTX消息提醒
System.Runtime.InteropServices.COMException (0xFFFFBA9E): 应用SDK:连接SDK服务器错误
   在 RTXSAPILib.IRTXSAPIRootObj.SendNotify(String bstrReceiver, String bstrTitle, Int32 lDelayTime, String bstrMsg)
   在 Zhongsoft.EDPortal.Plugins.MessagePlugin.RTXActivityAlert(Message message)
2022-07-08 17:02:11,588 [63] ERROR FileLogger - RTX消息提醒
System.Runtime.InteropServices.COMException (0xFFFFBA9E): 应用SDK:连接SDK服务器错误
   在 RTXSAPILib.IRTXSAPIRootObj.SendNotify(String bstrReceiver, String bstrTitle, Int32 lDelayTime, String bstrMsg)
   在 Zhongsoft.EDPortal.Plugins.MessagePlugin.RTXActivityAlert(Message message)
2022-07-08 17:02:21,322 [65] ERROR FileLogger - RTX消息提醒
System.Runtime.InteropServices.COMException (0xFFFFBA9E): 应用SDK:连接SDK服务器错误
   在 RTXSAPILib.IRTXSAPIRootObj.SendNotify(String bstrReceiver, String bstrTitle, Int32 lDelayTime, String bstrMsg)
   在 Zhongsoft.EDPortal.Plugins.MessagePlugin.RTXActivityAlert(Message message)
2022-07-08 17:08:02,788 [60] ERROR FileLogger - RTX消息提醒
System.Runtime.InteropServices.COMException (0xFFFFBA9E): 应用SDK:连接SDK服务器错误
   在 RTXSAPILib.IRTXSAPIRootObj.SendNotify(String bstrReceiver, String bstrTitle, Int32 lDelayTime, String bstrMsg)
   在 Zhongsoft.EDPortal.Plugins.MessagePlugin.RTXActivityAlert(Message message)
2022-07-08 17:10:23,436 [65] ERROR FileLogger - RTX消息提醒
System.Runtime.InteropServices.COMException (0xFFFFBA9E): 应用SDK:连接SDK服务器错误
   在 RTXSAPILib.IRTXSAPIRootObj.SendNotify(String bstrReceiver, String bstrTitle, Int32 lDelayTime, String bstrMsg)
   在 Zhongsoft.EDPortal.Plugins.MessagePlugin.RTXActivityAlert(Message message)
2022-07-08 17:11:37,870 [16] ERROR FileLogger - RTX消息提醒
System.Runtime.InteropServices.COMException (0xFFFFBA9E): 应用SDK:连接SDK服务器错误
   在 RTXSAPILib.IRTXSAPIRootObj.SendNotify(String bstrReceiver, String bstrTitle, Int32 lDelayTime, String bstrMsg)
   在 Zhongsoft.EDPortal.Plugins.MessagePlugin.RTXActivityAlert(Message message)
2022-07-08 17:12:06,481 [37] ERROR FileLogger - RTX消息提醒
System.Runtime.InteropServices.COMException (0xFFFFBA9E): 应用SDK:连接SDK服务器错误
   在 RTXSAPILib.IRTXSAPIRootObj.SendNotify(String bstrReceiver, String bstrTitle, Int32 lDelayTime, String bstrMsg)
   在 Zhongsoft.EDPortal.Plugins.MessagePlugin.RTXActivityAlert(Message message)
2022-07-08 17:13:31,391 [53] ERROR FileLogger - RTX消息提醒
System.Runtime.InteropServices.COMException (0xFFFFBA9E): 应用SDK:连接SDK服务器错误
   在 RTXSAPILib.IRTXSAPIRootObj.SendNotify(String bstrReceiver, String bstrTitle, Int32 lDelayTime, String bstrMsg)
   在 Zhongsoft.EDPortal.Plugins.MessagePlugin.RTXActivityAlert(Message message)
2022-07-08 17:13:41,994 [24] ERROR FileLogger - RTX消息提醒
System.Runtime.InteropServices.COMException (0xFFFFBA9E): 应用SDK:连接SDK服务器错误
   在 RTXSAPILib.IRTXSAPIRootObj.SendNotify(String bstrReceiver, String bstrTitle, Int32 lDelayTime, String bstrMsg)
   在 Zhongsoft.EDPortal.Plugins.MessagePlugin.RTXActivityAlert(Message message)
2022-07-08 17:13:56,249 [64] ERROR FileLogger - RTX消息提醒
System.Runtime.InteropServices.COMException (0xFFFFBA9E): 应用SDK:连接SDK服务器错误
   在 RTXSAPILib.IRTXSAPIRootObj.SendNotify(String bstrReceiver, String bstrTitle, Int32 lDelayTime, String bstrMsg)
   在 Zhongsoft.EDPortal.Plugins.MessagePlugin.RTXActivityAlert(Message message)
2022-07-08 17:14:14,706 [65] ERROR FileLogger - RTX消息提醒
System.Runtime.InteropServices.COMException (0xFFFFBA9E): 应用SDK:连接SDK服务器错误
   在 RTXSAPILib.IRTXSAPIRootObj.SendNotify(String bstrReceiver, String bstrTitle, Int32 lDelayTime, String bstrMsg)
   在 Zhongsoft.EDPortal.Plugins.MessagePlugin.RTXActivityAlert(Message message)
2022-07-08 17:14:29,465 [67] ERROR FileLogger - RTX消息提醒
System.Runtime.InteropServices.COMException (0xFFFFBA9E): 应用SDK:连接SDK服务器错误
   在 RTXSAPILib.IRTXSAPIRootObj.SendNotify(String bstrReceiver, String bstrTitle, Int32 lDelayTime, String bstrMsg)
   在 Zhongsoft.EDPortal.Plugins.MessagePlugin.RTXActivityAlert(Message message)
2022-07-08 17:14:35,466 [29] ERROR FileLogger - RTX消息提醒
System.Runtime.InteropServices.COMException (0xFFFFBA9E): 应用SDK:连接SDK服务器错误
   在 RTXSAPILib.IRTXSAPIRootObj.SendNotify(String bstrReceiver, String bstrTitle, Int32 lDelayTime, String bstrMsg)
   在 Zhongsoft.EDPortal.Plugins.MessagePlugin.RTXActivityAlert(Message message)
2022-07-08 17:14:40,799 [29] ERROR FileLogger - RTX消息提醒
System.Runtime.InteropServices.COMException (0xFFFFBA9E): 应用SDK:连接SDK服务器错误
   在 RTXSAPILib.IRTXSAPIRootObj.SendNotify(String bstrReceiver, String bstrTitle, Int32 lDelayTime, String bstrMsg)
   在 Zhongsoft.EDPortal.Plugins.MessagePlugin.RTXActivityAlert(Message message)
2022-07-08 17:15:14,577 [55] ERROR FileLogger - RTX消息提醒
System.Runtime.InteropServices.COMException (0xFFFFBA9E): 应用SDK:连接SDK服务器错误
   在 RTXSAPILib.IRTXSAPIRootObj.SendNotify(String bstrReceiver, String bstrTitle, Int32 lDelayTime, String bstrMsg)
   在 Zhongsoft.EDPortal.Plugins.MessagePlugin.RTXActivityAlert(Message message)
2022-07-08 17:15:39,379 [55] ERROR FileLogger - RTX消息提醒
System.Runtime.InteropServices.COMException (0xFFFFBA9E): 应用SDK:连接SDK服务器错误
   在 RTXSAPILib.IRTXSAPIRootObj.SendNotify(String bstrReceiver, String bstrTitle, Int32 lDelayTime, String bstrMsg)
   在 Zhongsoft.EDPortal.Plugins.MessagePlugin.RTXActivityAlert(Message message)
2022-07-08 17:21:25,378 [52] ERROR FileLogger - RTX消息提醒
System.Runtime.InteropServices.COMException (0xFFFFBA9E): 应用SDK:连接SDK服务器错误
   在 RTXSAPILib.IRTXSAPIRootObj.SendNotify(String bstrReceiver, String bstrTitle, Int32 lDelayTime, String bstrMsg)
   在 Zhongsoft.EDPortal.Plugins.MessagePlugin.RTXActivityAlert(Message message)
2022-07-08 17:24:16,565 [21] ERROR FileLogger - RTX消息提醒
System.Runtime.InteropServices.COMException (0xFFFFBA9E): 应用SDK:连接SDK服务器错误
   在 RTXSAPILib.IRTXSAPIRootObj.SendNotify(String bstrReceiver, String bstrTitle, Int32 lDelayTime, String bstrMsg)
   在 Zhongsoft.EDPortal.Plugins.MessagePlugin.RTXActivityAlert(Message message)
2022-07-08 17:34:43,277 [59] ERROR FileLogger - RTX消息提醒
System.Runtime.InteropServices.COMException (0xFFFFBA9E): 应用SDK:连接SDK服务器错误
   在 RTXSAPILib.IRTXSAPIRootObj.SendNotify(String bstrReceiver, String bstrTitle, Int32 lDelayTime, String bstrMsg)
   在 Zhongsoft.EDPortal.Plugins.MessagePlugin.RTXActivityAlert(Message message)
2022-07-08 17:42:23,119 [55] ERROR FileLogger - RTX消息提醒
System.Runtime.InteropServices.COMException (0xFFFFBA9E): 应用SDK:连接SDK服务器错误
   在 RTXSAPILib.IRTXSAPIRootObj.SendNotify(String bstrReceiver, String bstrTitle, Int32 lDelayTime, String bstrMsg)
   在 Zhongsoft.EDPortal.Plugins.MessagePlugin.RTXActivityAlert(Message message)
2022-07-08 18:10:14,292 [42] ERROR FileLogger - RTX消息提醒
System.Runtime.InteropServices.COMException (0xFFFFBA9E): 应用SDK:连接SDK服务器错误
   在 RTXSAPILib.IRTXSAPIRootObj.SendNotify(String bstrReceiver, String bstrTitle, Int32 lDelayTime, String bstrMsg)
   在 Zhongsoft.EDPortal.Plugins.MessagePlugin.RTXActivityAlert(Message message)
2022-07-08 18:10:24,447 [25] ERROR FileLogger - RTX消息提醒
System.Runtime.InteropServices.COMException (0xFFFFBA9E): 应用SDK:连接SDK服务器错误
   在 RTXSAPILib.IRTXSAPIRootObj.SendNotify(String bstrReceiver, String bstrTitle, Int32 lDelayTime, String bstrMsg)
   在 Zhongsoft.EDPortal.Plugins.MessagePlugin.RTXActivityAlert(Message message)
2022-07-08 18:22:13,182 [62] ERROR FileLogger - RTX消息提醒
System.Runtime.InteropServices.COMException (0xFFFFBA9E): 应用SDK:连接SDK服务器错误
   在 RTXSAPILib.IRTXSAPIRootObj.SendNotify(String bstrReceiver, String bstrTitle, Int32 lDelayTime, String bstrMsg)
   在 Zhongsoft.EDPortal.Plugins.MessagePlugin.RTXActivityAlert(Message message)
2022-07-08 18:27:43,992 [76] ERROR FileLogger - RTX消息提醒
System.Runtime.InteropServices.COMException (0xFFFFBA9E): 应用SDK:连接SDK服务器错误
   在 RTXSAPILib.IRTXSAPIRootObj.SendNotify(String bstrReceiver, String bstrTitle, Int32 lDelayTime, String bstrMsg)
   在 Zhongsoft.EDPortal.Plugins.MessagePlugin.RTXActivityAlert(Message message)
2022-07-08 19:23:51,460 [59] ERROR FileLogger - RTX消息提醒
System.Runtime.InteropServices.COMException (0xFFFFBA9E): 应用SDK:连接SDK服务器错误
   在 RTXSAPILib.IRTXSAPIRootObj.SendNotify(String bstrReceiver, String bstrTitle, Int32 lDelayTime, String bstrMsg)
   在 Zhongsoft.EDPortal.Plugins.MessagePlugin.RTXActivityAlert(Message message)
